[    0.000000] Linux version 4.15.0-212-generic (buildd@lcy02-amd64-083) (gcc version 7.5.0 (Ubuntu 7.5.0-3ubuntu1~18.04)) #223-Ubuntu SMP Tue May 23 13:09:22 UTC 2023 (Ubuntu 4.15.0-212.223-generic 4.15.18)
[    0.000000] Command line: BOOT_IMAGE=/boot/vmlinuz-4.15.0-212-generic root=LABEL=cloudimg-rootfs ro console=tty1 console=ttyS0
[    0.000000] KERNEL supported cpus:
[    0.000000]   Intel GenuineIntel
[    0.000000]   AMD AuthenticAMD
[    0.000000]   Centaur CentaurHauls
[    0.000000] [Firmware Bug]: TSC doesn't count with P0 frequency!
[    0.000000] x86/fpu: Supporting XSAVE feature 0x001: 'x87 floating point registers'
[    0.000000] x86/fpu: Supporting XSAVE feature 0x002: 'SSE registers'
[    0.000000] x86/fpu: Supporting XSAVE feature 0x004: 'AVX registers'
[    0.000000] x86/fpu: xstate_offset[2]:  576, xstate_sizes[2]:  256
[    0.000000] x86/fpu: Enabled xstate features 0x7, context size is 832 bytes, using 'standard' format.
[    0.000000] e820: BIOS-provided physical RAM map:
[    0.000000] BIOS-e820: [mem 0x0000000000000000-0x000000000009fbff] usable
[    0.000000] BIOS-e820: [mem 0x000000000009fc00-0x000000000009ffff] reserved
[    0.000000] BIOS-e820: [mem 0x00000000000f0000-0x00000000000fffff] reserved
[    0.000000] BIOS-e820: [mem 0x0000000000100000-0x00000000dffeffff] usable
[    0.000000] BIOS-e820: [mem 0x00000000dfff0000-0x00000000dfffffff] ACPI data
[    0.000000] BIOS-e820: [mem 0x00000000fec00000-0x00000000fec00fff] reserved
[    0.000000] BIOS-e820: [mem 0x00000000fee00000-0x00000000fee00fff] reserved
[    0.000000] BIOS-e820: [mem 0x00000000fffc0000-0x00000000ffffffff] reserved
[    0.000000] BIOS-e820: [mem 0x0000000100000000-0x000000019fffffff] usable
[    0.000000] NX (Execute Disable) protection: active
[    0.000000] SMBIOS 2.5 present.
[    0.000000] DMI: innotek GmbH VirtualBox/VirtualBox, BIOS VirtualBox 12/01/2006
[    0.000000] Hypervisor detected: KVM
[    0.000000] e820: last_pfn = 0x1a0000 max_arch_pfn = 0x400000000
[    0.000000] x86/PAT: Configuration [0-7]: WB  WC  UC- UC  WB  WP  UC- WT  
[    0.000000] CPU MTRRs all blank - virtualized system.
[    0.000000] e820: last_pfn = 0xdfff0 max_arch_pfn = 0x400000000
[    0.000000] found SMP MP-table at [mem 0x0009fbf0-0x0009fbff]
[    0.000000] Scanning 1 areas for low memory corruption
[    0.000000] RAMDISK: [mem 0x357cf000-0x36bdefff]
[    0.000000] ACPI: Early table checksum verification disabled
[    0.000000] ACPI: RSDP 0x00000000000E0000 000024 (v02 VBOX  )
[    0.000000] ACPI: XSDT 0x00000000DFFF0030 00003C (v01 VBOX   VBOXXSDT 00000001 ASL  00000061)
[    0.000000] ACPI: FACP 0x00000000DFFF00F0 0000F4 (v04 VBOX   VBOXFACP 00000001 ASL  00000061)
[    0.000000] ACPI: DSDT 0x00000000DFFF02F0 002353 (v02 VBOX   VBOXBIOS 00000002 VBOX 000298F4)
[    0.000000] ACPI: FACS 0x00000000DFFF0200 000040
[    0.000000] ACPI: FACS 0x00000000DFFF0200 000040
[    0.000000] ACPI: APIC 0x00000000DFFF0240 00005C (v02 VBOX   VBOXAPIC 00000001 ASL  00000061)
[    0.000000] ACPI: SSDT 0x00000000DFFF02A0 000045 (v01 VBOX   VBOXCPUT 00000002 VBOX 000298F4)
[    0.000000] ACPI: Reserving FACP table memory at [mem 0xdfff00f0-0xdfff01e3]
[    0.000000] ACPI: Reserving DSDT table memory at [mem 0xdfff02f0-0xdfff2642]
[    0.000000] ACPI: Reserving FACS table memory at [mem 0xdfff0200-0xdfff023f]
[    0.000000] ACPI: Reserving FACS table memory at [mem 0xdfff0200-0xdfff023f]
[    0.000000] ACPI: Reserving APIC table memory at [mem 0xdfff0240-0xdfff029b]
[    0.000000] ACPI: Reserving SSDT table memory at [mem 0xdfff02a0-0xdfff02e4]
[    0.000000] No NUMA configuration found
[    0.000000] Faking a node at [mem 0x0000000000000000-0x000000019fffffff]
[    0.000000] NODE_DATA(0) allocated [mem 0x19ffd3000-0x19fffdfff]
[    0.000000] kvm-clock: cpu 0, msr 1:9ff52001, primary cpu clock
[    0.000000] kvm-clock: Using msrs 4b564d01 and 4b564d00
[    0.000000] kvm-clock: using sched offset of 4401282913 cycles
[    0.000000] clocksource: kvm-clock: mask: 0xffffffffffffffff max_cycles: 0x1cd42e4dffb, max_idle_ns: 881590591483 ns
[    0.000000] Zone ranges:
[    0.000000]   DMA      [mem 0x0000000000001000-0x0000000000ffffff]
[    0.000000]   DMA32    [mem 0x0000000001000000-0x00000000ffffffff]
[    0.000000]   Normal   [mem 0x0000000100000000-0x000000019fffffff]
[    0.000000]   Device   empty
[    0.000000] Movable zone start for each node
[    0.000000] Early memory node ranges
[    0.000000]   node   0: [mem 0x0000000000001000-0x000000000009efff]
[    0.000000]   node   0: [mem 0x0000000000100000-0x00000000dffeffff]
[    0.000000]   node   0: [mem 0x0000000100000000-0x000000019fffffff]
[    0.000000] Reserved but unavailable: 104 pages
[    0.000000] Initmem setup node 0 [mem 0x0000000000001000-0x000000019fffffff]
[    0.000000] ACPI: PM-Timer IO Port: 0x4008
[    0.000000] IOAPIC[0]: apic_id 2, version 32, address 0xfec00000, GSI 0-23
[    0.000000] ACPI: INT_SRC_OVR (bus 0 bus_irq 0 global_irq 2 dfl dfl)
[    0.000000] ACPI: INT_SRC_OVR (bus 0 bus_irq 9 global_irq 9 low level)
[    0.000000] Using ACPI (MADT) for SMP configuration information
[    0.000000] smpboot: Allowing 2 CPUs, 0 hotplug CPUs
[    0.000000] PM: Registered nosave memory: [mem 0x00000000-0x00000fff]
[    0.000000] PM: Registered nosave memory: [mem 0x0009f000-0x0009ffff]
[    0.000000] PM: Registered nosave memory: [mem 0x000a0000-0x000effff]
[    0.000000] PM: Registered nosave memory: [mem 0x000f0000-0x000fffff]
[    0.000000] PM: Registered nosave memory: [mem 0xdfff0000-0xdfffffff]
[    0.000000] PM: Registered nosave memory: [mem 0xe0000000-0xfebfffff]
[    0.000000] PM: Registered nosave memory: [mem 0xfec00000-0xfec00fff]
[    0.000000] PM: Registered nosave memory: [mem 0xfec01000-0xfedfffff]
[    0.000000] PM: Registered nosave memory: [mem 0xfee00000-0xfee00fff]
[    0.000000] PM: Registered nosave memory: [mem 0xfee01000-0xfffbffff]
[    0.000000] PM: Registered nosave memory: [mem 0xfffc0000-0xffffffff]
[    0.000000] e820: [mem 0xe0000000-0xfebfffff] available for PCI devices
[    0.000000] Booting paravirtualized kernel on KVM
[    0.000000] clocksource: refined-jiffies: mask: 0xffffffff max_cycles: 0xffffffff, max_idle_ns: 7645519600211568 ns
[    0.000000] setup_percpu: NR_CPUS:8192 nr_cpumask_bits:2 nr_cpu_ids:2 nr_node_ids:1
[    0.000000] percpu: Embedded 50 pages/cpu s167936 r8192 d28672 u1048576
[    0.000000] PV qspinlock hash table entries: 256 (order: 0, 4096 bytes)
[    0.000000] Built 1 zonelists, mobility grouping on.  Total pages: 1548153
[    0.000000] Policy zone: Normal
[    0.000000] Kernel command line: BOOT_IMAGE=/boot/vmlinuz-4.15.0-212-generic root=LABEL=cloudimg-rootfs ro console=tty1 console=ttyS0
[    0.000000] Memory: 6076628K/6291000K available (12300K kernel code, 2477K rwdata, 4324K rodata, 2480K init, 2720K bss, 214372K reserved, 0K cma-reserved)
[    0.000000] SLUB: HWalign=64, Order=0-3, MinObjects=0, CPUs=2, Nodes=1
[    0.000000] ftrace: allocating 39508 entries in 155 pages
[    0.004000] Hierarchical RCU implementation.
[    0.004000] 	RCU restricting CPUs from NR_CPUS=8192 to nr_cpu_ids=2.
[    0.004000] 	Tasks RCU enabled.
[    0.004000] RCU: Adjusting geometry for rcu_fanout_leaf=16, nr_cpu_ids=2
[    0.004000] NR_IRQS: 524544, nr_irqs: 440, preallocated irqs: 16
[    0.004000] random: crng init done
[    0.004000] Console: colour VGA+ 80x25
[    0.004000] console [tty1] enabled
[    0.004000] console [ttyS0] enabled
[    0.004000] ACPI: Core revision 20170831
[    0.004000] ACPI: 2 ACPI AML tables successfully acquired and loaded
[    0.004000] APIC: Switch to symmetric I/O mode setup
[    0.008000] ..TIMER: vector=0x30 apic1=0 pin1=2 apic2=-1 pin2=-1
[    0.008007] tsc: Detected 2095.996 MHz processor
[    0.012010] Calibrating delay loop (skipped) preset value.. 4191.99 BogoMIPS (lpj=8383984)
[    0.016005] pid_max: default: 32768 minimum: 301
[    0.020130] Security Framework initialized
[    0.024005] Yama: becoming mindful.
[    0.028131] AppArmor: AppArmor initialized
[    0.077841] Dentry cache hash table entries: 1048576 (order: 11, 8388608 bytes)
[    0.106967] Inode-cache hash table entries: 524288 (order: 10, 4194304 bytes)
[    0.108708] Mount-cache hash table entries: 16384 (order: 5, 131072 bytes)
[    0.116087] Mountpoint-cache hash table entries: 16384 (order: 5, 131072 bytes)
[    0.124132] Last level iTLB entries: 4KB 1024, 2MB 1024, 4MB 512
[    0.128009] Last level dTLB entries: 4KB 2048, 2MB 2048, 4MB 1024, 1GB 0
[    0.132010] Spectre V1 : Mitigation: usercopy/swapgs barriers and __user pointer sanitization
[    0.136017] Spectre V2 : Mitigation: Retpolines
[    0.140007] Spectre V2 : Spectre v2 / SpectreRSB mitigation: Filling RSB on context switch
[    0.148007] Spectre V2 : Spectre v2 / SpectreRSB : Filling RSB on VMEXIT
[    0.152008] RETBleed: Vulnerable
[    0.156207] Freeing SMP alternatives memory: 36K
[    0.276856] smpboot: CPU0: AMD Ryzen 5 5500U with Radeon Graphics (family: 0x17, model: 0x68, stepping: 0x1)
[    0.280589] Performance Events: PMU not available due to virtualization, using software events only.
[    0.284226] Hierarchical SRCU implementation.
[    0.288853] NMI watchdog: Perf event create on CPU 0 failed with -2
[    0.292004] NMI watchdog: Perf NMI watchdog permanently disabled
[    0.300441] smp: Bringing up secondary CPUs ...
[    0.305377] x86: Booting SMP configuration:
[    0.308006] .... node  #0, CPUs:      #1
[    0.004000] kvm-clock: cpu 1, msr 1:9ff52041, secondary cpu clock
[    0.324189] smp: Brought up 1 node, 2 CPUs
[    0.328010] smpboot: Max logical packages: 1
[    0.332008] smpboot: Total of 2 processors activated (8383.98 BogoMIPS)
[    0.340279] devtmpfs: initialized
[    0.344590] x86/mm: Memory block size: 128MB
[    0.349817] evm: security.selinux
[    0.356005] evm: security.SMACK64
[    0.360003] evm: security.SMACK64EXEC
[    0.364011] evm: security.SMACK64TRANSMUTE
[    0.368005] evm: security.SMACK64MMAP
[    0.372004] evm: security.apparmor
[    0.376003] evm: security.ima
[    0.380007] evm: security.capability
[    0.388350] clocksource: jiffies: mask: 0xffffffff max_cycles: 0xffffffff, max_idle_ns: 7645041785100000 ns
[    0.392018] futex hash table entries: 512 (order: 3, 32768 bytes)
[    0.396242] pinctrl core: initialized pinctrl subsystem
[    0.400666] RTC time:  5:23:30, date: 10/30/25
[    0.405520] NET: Registered protocol family 16
[    0.412186] audit: initializing netlink subsys (disabled)
[    0.416250] audit: type=2000 audit(1761801816.484:1): state=initialized audit_enabled=0 res=1
[    0.428137] cpuidle: using governor ladder
[    0.436180] cpuidle: using governor menu
[    0.444062] ACPI: bus type PCI registered
[    0.448008] acpiphp: ACPI Hot Plug PCI Controller Driver version: 0.5
[    0.452710] PCI: Using configuration type 1 for base access
[    0.456004] PCI: Using configuration type 1 for extended access
[    0.468316] HugeTLB registered 2.00 MiB page size, pre-allocated 0 pages
[    0.481000] ACPI: Added _OSI(Module Device)
[    0.484010] ACPI: Added _OSI(Processor Device)
[    0.488006] ACPI: Added _OSI(3.0 _SCP Extensions)
[    0.492006] ACPI: Added _OSI(Processor Aggregator Device)
[    0.496008] ACPI: Added _OSI(Linux-Dell-Video)
[    0.500009] ACPI: Added _OSI(Linux-Lenovo-NV-HDMI-Audio)
[    0.504009] ACPI: Added _OSI(Linux-HPI-Hybrid-Graphics)
[    0.512634] ACPI: Executed 1 blocks of module-level executable AML code
[    0.522264] ACPI: Interpreter enabled
[    0.524026] ACPI: (supports S0 S5)
[    0.528004] ACPI: Using IOAPIC for interrupt routing
[    0.532531] PCI: Using host bridge windows from ACPI; if necessary, use "pci=nocrs" and report a bug
[    0.536295] ACPI: Enabled 2 GPEs in block 00 to 07
[    0.557405] ACPI: PCI Root Bridge [PCI0] (domain 0000 [bus 00-ff])
[    0.560019] acpi PNP0A03:00: _OSC: OS supports [ExtendedConfig ASPM ClockPM Segments MSI]
[    0.568177] acpi PNP0A03:00: _OSC: platform does not support [PCIeCapability]
[    0.576510] acpi PNP0A03:00: _OSC: not requesting control; platform does not support [PCIeCapability]
[    0.580011] acpi PNP0A03:00: _OSC: OS requested [PCIeHotplug PME AER PCIeCapability]
[    0.584012] acpi PNP0A03:00: _OSC: platform willing to grant [PCIeHotplug PME AER]
[    0.588009] acpi PNP0A03:00: _OSC failed (AE_SUPPORT); disabling ASPM
[    0.593210] PCI host bridge to bus 0000:00
[    0.596015] pci_bus 0000:00: root bus resource [io  0x0000-0x0cf7 window]
[    0.600017] pci_bus 0000:00: root bus resource [io  0x0d00-0xffff window]
[    0.604016] pci_bus 0000:00: root bus resource [mem 0x000a0000-0x000bffff window]
[    0.608033] pci_bus 0000:00: root bus resource [mem 0xe0000000-0xfdffffff window]
[    0.612014] pci_bus 0000:00: root bus resource [bus 00-ff]
[    0.627681] pci 0000:00:01.1: legacy IDE quirk: reg 0x10: [io  0x01f0-0x01f7]
[    0.628013] pci 0000:00:01.1: legacy IDE quirk: reg 0x14: [io  0x03f6]
[    0.632014] pci 0000:00:01.1: legacy IDE quirk: reg 0x18: [io  0x0170-0x0177]
[    0.636009] pci 0000:00:01.1: legacy IDE quirk: reg 0x1c: [io  0x0376]
[    0.673622] pci 0000:00:07.0: quirk: [io  0x4000-0x403f] claimed by PIIX4 ACPI
[    0.676054] pci 0000:00:07.0: quirk: [io  0x4100-0x410f] claimed by PIIX4 SMB
[    0.696000] ACPI: PCI Interrupt Link [LNKA] (IRQs 5 9 10 *11)
[    0.696913] ACPI: PCI Interrupt Link [LNKB] (IRQs 5 9 *10 11)
[    0.700276] ACPI: PCI Interrupt Link [LNKC] (IRQs 5 *9 10 11)
[    0.704316] ACPI: PCI Interrupt Link [LNKD] (IRQs 5 9 10 *11)
[    0.709523] SCSI subsystem initialized
[    0.716297] pci 0000:00:02.0: vgaarb: setting as boot VGA device
[    0.720000] pci 0000:00:02.0: vgaarb: VGA device added: decodes=io+mem,owns=io+mem,locks=none
[    0.720012] pci 0000:00:02.0: vgaarb: bridge control possible
[    0.724005] vgaarb: loaded
[    0.726785] ACPI: bus type USB registered
[    0.728048] usbcore: registered new interface driver usbfs
[    0.732086] usbcore: registered new interface driver hub
[    0.736036] usbcore: registered new device driver usb
[    0.740298] EDAC MC: Ver: 3.0.0
[    0.752382] PCI: Using ACPI for IRQ routing
[    0.761400] NetLabel: Initializing
[    0.768010] NetLabel:  domain hash size = 128
[    0.776009] NetLabel:  protocols = UNLABELED CIPSOv4 CALIPSO
[    0.784077] NetLabel:  unlabeled traffic allowed by default
[    0.796793] clocksource: Switched to clocksource kvm-clock
[    0.819791] VFS: Disk quotas dquot_6.6.0
[    0.819791] VFS: Dquot-cache hash table entries: 512 (order 0, 4096 bytes)
[    0.819791] AppArmor: AppArmor Filesystem Enabled
[    0.819791] pnp: PnP ACPI init
[    0.819791] pnp: PnP ACPI: found 3 devices
[    0.956812] clocksource: acpi_pm: mask: 0xffffff max_cycles: 0xffffff, max_idle_ns: 2085701024 ns
[    0.960747] NET: Registered protocol family 2
[    0.960747] IP idents hash table entries: 131072 (order: 8, 1048576 bytes)
[    0.986271] TCP established hash table entries: 65536 (order: 7, 524288 bytes)
[    0.997659] TCP bind hash table entries: 65536 (order: 8, 1048576 bytes)
[    0.998813] TCP: Hash tables configured (established 65536 bind 65536)
[    0.998813] UDP hash table entries: 4096 (order: 5, 131072 bytes)
[    0.998813] UDP-Lite hash table entries: 4096 (order: 5, 131072 bytes)
[    0.998813] NET: Registered protocol family 1
[    0.998813] pci 0000:00:00.0: Limiting direct PCI/PCI transfers
[    0.998813] pci 0000:00:01.0: Activating ISA DMA hang workarounds
[    0.998813] pci 0000:00:02.0: Video device with shadowed ROM at [mem 0x000c0000-0x000dffff]
[    0.998813] Unpacking initramfs...
[    1.714777] Freeing initrd memory: 20544K
[    1.719040] PCI-DMA: Using software bounce buffering for IO (SWIOTLB)
[    1.725260] software IO TLB: mapped [mem 0xdbff0000-0xdfff0000] (64MB)
[    1.731491] clocksource: tsc: mask: 0xffffffffffffffff max_cycles: 0x1e366a20b72, max_idle_ns: 440795237802 ns
[    1.741020] platform rtc_cmos: registered platform RTC device (no PNP device found)
[    1.749118] Scanning for low memory corruption every 60 seconds
[    1.759311] Initialise system trusted keyrings
[    1.763767] Key type blacklist registered
[    1.768585] workingset: timestamp_bits=36 max_order=21 bucket_order=0
[    1.778174] zbud: loaded
[    1.782809] squashfs: version 4.0 (2009/01/31) Phillip Lougher
[    1.791555] fuse init (API version 7.26)
[    1.840541] Key type asymmetric registered
[    1.844475] Asymmetric key parser 'x509' registered
[    1.849455] Block layer SCSI generic (bsg) driver version 0.4 loaded (major 246)
[    1.858599] io scheduler noop registered
[    1.862912] io scheduler deadline registered
[    1.867448] io scheduler cfq registered (default)
[    1.875199] ACPI: AC Adapter [AC] (on-line)
[    1.880148] input: Power Button as /devices/LNXSYSTM:00/LNXPWRBN:00/input/input0
[    1.888491] ACPI: Power Button [PWRF]
[    1.892987] input: Sleep Button as /devices/LNXSYSTM:00/LNXSLPBN:00/input/input1
[    1.900562] ACPI: Sleep Button [SLPF]
[    1.907935] ACPI: Battery Slot [BAT0] (battery present)
[    1.908995] Serial: 8250/16550 driver, 32 ports, IRQ sharing enabled
[    1.950749] 00:02: ttyS0 at I/O 0x3f8 (irq = 4, base_baud = 115200) is a 16550A
[    1.978742] Linux agpgart interface v0.103
[    1.998951] loop: module loaded
[    2.006829] scsi host0: ata_piix
[    2.012246] scsi host1: ata_piix
[    2.015808] ata1: PATA max UDMA/33 cmd 0x1f0 ctl 0x3f6 bmdma 0xd000 irq 14
[    2.022179] ata2: PATA max UDMA/33 cmd 0x170 ctl 0x376 bmdma 0xd008 irq 15
[    2.030101] tun: Universal TUN/TAP device driver, 1.6
[    2.035861] PPP generic driver version 2.4.2
[    2.042992] ehci_hcd: USB 2.0 'Enhanced' Host Controller (EHCI) Driver
[    2.049560] ehci-pci: EHCI PCI platform driver
[    2.053889] ehci-platform: EHCI generic platform driver
[    2.058997] ohci_hcd: USB 1.1 'Open' Host Controller (OHCI) Driver
[    2.065325] ohci-pci: OHCI PCI platform driver
[    2.069850] ohci-platform: OHCI generic platform driver
[    2.074883] uhci_hcd: USB Universal Host Controller Interface driver
[    2.081023] i8042: PNP: PS/2 Controller [PNP0303:PS2K,PNP0f03:PS2M] at 0x60,0x64 irq 1,12
[    2.093634] serio: i8042 KBD port at 0x60,0x64 irq 1
[    2.098528] serio: i8042 AUX port at 0x60,0x64 irq 12
[    2.104833] mousedev: PS/2 mouse device common for all mice
[    2.114667] rtc_cmos rtc_cmos: rtc core: registered rtc_cmos as rtc0
[    2.121509] input: AT Translated Set 2 keyboard as /devices/platform/i8042/serio0/input/input2
[    2.129260] rtc_cmos rtc_cmos: alarms up to one day, 114 bytes nvram
[    2.136120] i2c /dev entries driver
[    2.140783] device-mapper: uevent: version 1.0.3
[    2.146340] device-mapper: ioctl: 4.37.0-ioctl (2017-09-20) initialised: dm-devel@redhat.com
[    2.156278] ledtrig-cpu: registered to indicate activity on CPUs
[    2.169281] NET: Registered protocol family 10
[    2.251661] Segment Routing with IPv6
[    2.256094] NET: Registered protocol family 17
[    2.262194] Key type dns_resolver registered
[    2.267845] mce: Using 0 MCE banks
[    2.271519] RAS: Correctable Errors collector initialized.
[    2.277237] sched_clock: Marking stable (2277161325, 0)->(3954374155, -1677212830)
[    2.288619] registered taskstats version 1
[    2.293050] Loading compiled-in X.509 certificates
[    2.303113] Loaded X.509 cert 'Build time autogenerated kernel key: b5b26778eaa3ab3a4a6cee031137706e947d12ad'
[    2.313956] Loaded X.509 cert 'Canonical Ltd. Live Patch Signing: 14df34d1a87cf37625abec039ef2bf521249b969'
[    2.325010] Loaded X.509 cert 'Canonical Ltd. Kernel Module Signing: 88f752e560a1e0737e31163a466ad7b70a850c19'
[    2.334449] blacklist: Loading compiled-in revocation X.509 certificates
[    2.340801] Loaded X.509 cert 'Canonical Ltd. Secure Boot Signing: 61482aa2830d0ab2ad5af10b7250da9033ddcef0'
[    2.351007] Loaded X.509 cert 'Canonical Ltd. Secure Boot Signing (2017): 242ade75ac4a15e50d50c84b0d45ff3eae707a03'
[    2.361128] Loaded X.509 cert 'Canonical Ltd. Secure Boot Signing (ESM 2018): 365188c1d374d6b07c3c8f240f8ef722433d6a8b'
[    2.371323] Loaded X.509 cert 'Canonical Ltd. Secure Boot Signing (2019): c0746fd6c5da3ae827864651ad66ae47fe24b3e8'
[    2.381300] Loaded X.509 cert 'Canonical Ltd. Secure Boot Signing (2021 v1): a8d54bbb3825cfb94fa13c9f8a594a195c107b8d'
[    2.392232] Loaded X.509 cert 'Canonical Ltd. Secure Boot Signing (2021 v2): 4cf046892d6fd3c9a5b03f98d845f90851dc6a8c'
[    2.402105] Loaded X.509 cert 'Canonical Ltd. Secure Boot Signing (2021 v3): 100437bb6de6e469b581e61cd66bce3ef4ed53af'
[    2.413283] Loaded X.509 cert 'Canonical Ltd. Secure Boot Signing (Ubuntu Core 2019): c1d57b8f6b743f23ee41f4f7ee292f06eecadfb9'
[    2.423882] zswap: loaded using pool lzo/zbud
[    2.445144] Key type big_key registered
[    2.450511] Key type trusted registered
[    2.460597] Key type encrypted registered
[    2.465186] AppArmor: AppArmor sha1 policy hashing enabled
[    2.470930] ima: No TPM chip found, activating TPM-bypass! (rc=-19)
[    2.477309] ima: Allocated hash algorithm: sha1
[    2.482303] evm: HMAC attrs: 0x1
[    2.486696]   Magic number: 13:630:366
[    2.492213] rtc_cmos rtc_cmos: setting system clock to 2025-10-30 05:23:32 UTC (1761801812)
[    2.500905] BIOS EDD facility v0.16 2004-Jun-25, 0 devices found
[    2.506804] EDD information not available.
[    2.515782] Freeing unused kernel image memory: 2480K
[    2.536327] Write protecting the kernel read-only data: 20480k
[    2.544140] Freeing unused kernel image memory: 2008K
[    2.549951] Freeing unused kernel image memory: 1820K
[    2.561241] x86/mm: Checked W+X mappings: passed, no W+X pages found.
Loading, please wait...
starting version 237
[    2.697256] e1000: Intel(R) PRO/1000 Network Driver - version 7.3.21-k8-NAPI
[    2.707035] e1000: Copyright (c) 1999-2006 Intel Corporation.
[    2.727627] Fusion MPT base driver 3.04.20
[    2.733264] Copyright (c) 1999-2008 LSI Corporation
[    2.771569] Fusion MPT SPI Host driver 3.04.20
[    2.793363] AVX2 version of gcm_enc/dec engaged.
[    2.799131] AES CTR mode by8 optimization enabled
[    2.970099] input: ImExPS/2 Generic Explorer Mouse as /devices/platform/i8042/serio1/input/input4
[    3.469190] e1000 0000:00:03.0 eth0: (PCI:33MHz:32-bit) 02:3b:7b:b7:3b:2d
[    3.476295] e1000 0000:00:03.0 eth0: Intel(R) PRO/1000 Network Connection
[    4.150460] e1000 0000:00:08.0 eth1: (PCI:33MHz:32-bit) 08:00:27:96:15:20
[    4.157302] e1000 0000:00:08.0 eth1: Intel(R) PRO/1000 Network Connection
[    4.166470] e1000 0000:00:08.0 enp0s8: renamed from eth1
[    4.174033] mptbase: ioc0: Initiating bringup
[    4.212441] e1000 0000:00:03.0 enp0s3: renamed from eth0
[    4.329237] ioc0: LSI53C1030 A0: Capabilities={Initiator}
[    4.780526] scsi host2: ioc0: LSI53C1030 A0, FwRev=00000000h, Ports=1, MaxQ=256, IRQ=20
[    4.963198] scsi 2:0:0:0: Direct-Access     VBOX     HARDDISK         1.0  PQ: 0 ANSI: 5
[    5.012432] scsi target2:0:0: Beginning Domain Validation
[    5.030648] scsi target2:0:0: Domain Validation skipping write tests
[    5.038448] scsi target2:0:0: Ending Domain Validation
[    5.044977] scsi target2:0:0: asynchronous
[    5.053721] scsi 2:0:1:0: Direct-Access     VBOX     HARDDISK         1.0  PQ: 0 ANSI: 5
[    5.092655] scsi target2:0:1: Beginning Domain Validation
[    5.110495] scsi target2:0:1: Domain Validation skipping write tests
[    5.117159] scsi target2:0:1: Ending Domain Validation
[    5.123651] scsi target2:0:1: asynchronous
[    5.148478] sd 2:0:0:0: Attached scsi generic sg0 type 0
[    5.156286] sd 2:0:0:0: [sda] 83886080 512-byte logical blocks: (42.9 GB/40.0 GiB)
[    5.157759] sd 2:0:1:0: [sdb] 20480 512-byte logical blocks: (10.5 MB/10.0 MiB)
[    5.165427] sd 2:0:1:0: Attached scsi generic sg1 type 0
[    5.174677] sd 2:0:0:0: [sda] Write Protect is off
[    5.186157] sd 2:0:1:0: [sdb] Write Protect is off
[    5.192018] sd 2:0:0:0: [sda] Write cache: enabled, read cache: enabled, supports DPO and FUA
[    5.192521] sd 2:0:1:0: [sdb] Write cache: enabled, read cache: enabled, supports DPO and FUA
[    5.218995]  sda: sda1
[    5.226804] sd 2:0:0:0: [sda] Attached SCSI disk
[    5.231629] sd 2:0:1:0: [sdb] Attached SCSI disk
Begin: Loading essential drivers ... [    7.004224] raid6: sse2x1   gen()  7262 MB/s
[    7.057054] raid6: sse2x1   xor()  7650 MB/s
[    7.108603] raid6: sse2x2   gen() 12899 MB/s
[    7.160889] raid6: sse2x2   xor()  9486 MB/s
[    7.212910] raid6: sse2x4   gen() 16025 MB/s
[    7.264155] raid6: sse2x4   xor()  6541 MB/s
[    7.316660] raid6: avx2x1   gen() 16355 MB/s
[    7.368208] raid6: avx2x1   xor() 13050 MB/s
[    7.416310] raid6: avx2x2   gen() 27369 MB/s
[    7.468875] raid6: avx2x2   xor() 14655 MB/s
[    7.520326] raid6: avx2x4   gen() 28100 MB/s
[    7.572103] raid6: avx2x4   xor() 11660 MB/s
[    7.578068] raid6: using algorithm avx2x4 gen() 28100 MB/s
[    7.584821] raid6: .... xor() 11660 MB/s, rmw enabled
[    7.589940] raid6: using avx2x2 recovery algorithm
[    7.597638] xor: automatically using best checksumming function   avx       
[    7.608357] async_tx: api initialized (async)
done.
Begin: Running /scripts/init-premount ... done.
Begin: Mounting root file system ... Begin: Running /scripts/local-top ... done.
Begin: Running /scripts/local-premount ... [    7.702924] Btrfs loaded, crc32c=crc32c-intel
Scanning for Btrfs filesystems
done.
Begin: Will now check root file system ... fsck from util-linux 2.31.1
[/sbin/fsck.ext4 (1) -- /dev/sda1] fsck.ext4 -a -C0 /dev/sda1 
cloudimg-rootfs: recovering journal
cloudimg-rootfs: clean, 249808/5120000 files, 2883187/10485499 blocks
done.
[    7.940944] EXT4-fs (sda1): mounted filesystem with ordered data mode. Opts: (null)
done.
Begin: Running /scripts/local-bottom ... done.
Begin: Running /scripts/init-bottom ... done.
[    8.258649] ip_tables: (C) 2000-2006 Netfilter Core Team
[    8.290324] systemd[1]: systemd 237 running in system mode. (+PAM +AUDIT +SELINUX +IMA +APPARMOR +SMACK +SYSVINIT +UTMP +LIBCRYPTSETUP +GCRYPT +GNUTLS +ACL +XZ +LZ4 +SECCOMP +BLKID +ELFUTILS +KMOD -IDN2 +IDN -PCRE2 default-hierarchy=hybrid)
[    8.310879] systemd[1]: Detected virtualization oracle.
[    8.316241] systemd[1]: Detected architecture x86-64.

Welcome to [1mUbuntu 18.04.6 LTS[0m!

[    8.357546] systemd[1]: Set hostname to <ubuntu-bionic>.
[    8.939395] systemd[1]: Reached target Mounting snaps.
[[0;32m  OK  [0m] Reached target Mounting snaps.
[    8.963399] systemd[1]: Created slice System Slice.
[[0;32m  OK  [0m] Created slice System Slice.
[    8.976930] systemd[1]: Listening on LVM2 poll daemon socket.
[[0;32m  OK  [0m] Listening on LVM2 poll daemon socket.
[    8.987806] systemd[1]: Listening on Journal Socket.
[[0;32m  OK  [0m] Listening on Journal Socket.
[    8.999703] systemd[1]: Created slice system-serial\x2dgetty.slice.
[[0;32m  OK  [0m] Created slice system-serial\x2dgetty.slice.
[    9.013227] systemd[1]: Starting Set the console keyboard layout...
         Starting Set the console keyboard layout...
         Starting Create list of required st…ce nodes for the current kernel...
[[0;32m  OK  [0m] Listening on LVM2 metadata daemon socket.
[[0;32m  OK  [0m] Reached target Swap.
[[0;32m  OK  [0m] Listening on Syslog Socket.
[[0;32m  OK  [0m] Listening on fsck to fsckd communication Socket.
[[0;32m  OK  [0m] Reached target Mounted snaps.
[[0;32m  OK  [0m] Listening on /dev/initctl Compatibility Named Pipe.
[[0;32m  OK  [0m] Listening on udev Control Socket.
         Mounting Huge Pages File System...
[[0;32m  OK  [0m] Listening on RPCbind Server Activation Socket.
         Starting Uncomplicated firewall...
         Starting Load Kernel Modules...
[[0;32m  OK  [0m] Set up automount Arbitrary Executab…rmats File System Automount Point.
[[0;32m  OK  [0m] Reached target System Time Synchronized.
         Mounting NFSD configuration filesystem...
[[0;32m  OK  [0m] Listening on Device-mapper event daemon FIFOs.
         Starting Monitoring of LVM2 mirrors…ng dmeventd or progress polling...
         Mounting POSIX Message Queue File System...
[[0;32m  OK  [0m] Started Forward Password Requests to Wall Directory Watch.
[    9.139025] Loading iSCSI transport class v2.0-870.
         Starting Remount Root and Kernel File Systems...
[[0;32m  OK  [0m] Listening on Journal Audit Socket.
[[0;32m  OK  [0m] Reached target User and Group Name Lookups.
[[0;32m  OK  [0m] Listening on Network Service Netlink Socket.
[[0;32m  OK  [0m] Created slice User and Session Slice.
[[0;32m  OK  [0m] Reached target Slices.
[[0;32m  OK  [0m] Listening on Journal Socket (/dev/log).
         Starting Journal Service...
         Mounting RPC Pipe File System...
         Mounting Kernel Debug File System...
[[0;32m  OK  [0m] Listening on udev Kernel Socket.
         Starting udev Coldplug all Devices...
[[0;32m  OK  [0m] Started Create list of required sta…vice nodes for the current kernel.
[[0;32m  OK  [0m] Mounted Huge Pages File System.
[[0;32m  OK  [0m] Started Uncomplicated firewall.
[[0;32m  OK  [0m] Mounted POSIX Message Queue File System.
[[0;32m  OK  [0m] Mounted Kernel Debug File System.
[    9.279168] EXT4-fs (sda1): re-mounted. Opts: (null)
[[0;32m  OK  [0m] Started Set the console keyboard layout.[    9.293161] iscsi: registered transport (tcp)

         Starting Create Static Device Nodes in /dev...
[[0;32m  OK  [0m] Started Remount Root and Kernel File Systems.
[    9.336918] RPC: Registered named UNIX socket transport module.
[    9.344846] RPC: Registered udp transport module.
[    9.351216] RPC: Registered tcp transport module.
[    9.357687] RPC: Registered tcp NFSv4.1 backchannel transport module.
[[0;32m  OK  [0m] Started LVM2 metadata daemon.
         Starting Load/Save Random Seed...
[[0;32m  OK  [0m] Started Journal Service.
[[0;32m  OK  [0m] Mounted RPC Pipe File System.
[[0;32m  OK  [0m] Started Create Static Device Nodes in /dev.
         Starting udev Kernel Device Manager...
         Starting pNFS block layout mapping daemon...
         Starting Flush Journal to Persistent Storage...
[[0;32m  OK  [0m] Started udev Coldplug all Devices.
[    9.473394] Installing knfsd (copyright (C) 1996 okir@monad.swb.de).
[    9.477784] systemd-journald[431]: Received request to flush runtime journal from PID 1
[[0;32m  OK  [0m] Mounted NFSD configuration filesystem.
[[0;32m  OK  [0m] Started pNFS block layout mapping daemon.
[[0;32m  OK  [0m] Started Load/Save Random Seed.
[[0;32m  OK  [0m] Started udev Kernel Device Manager.
[[0;32m  OK  [0m] Started Dispatch Password Requests to Console Directory Watch.
[[0;32m  OK  [0m] Reached target Local Encrypted Volumes.
[    9.588921] iscsi: registered transport (iser)
[[0;32m  OK  [0m] Started Load Kernel Modules.
         Starting Apply Kernel Variables...
         Mounting FUSE Control File System...
         Mounting Kernel Configuration File System...
[[0;32m  OK  [0m] Started Monitoring of LVM2 mirrors,…sing dmeventd or progress polling.
[[0;32m  OK  [0m] Mounted FUSE Control File System.
[[0;32m  OK  [0m] Mounted Kernel Configuration File System.
[[0;32m  OK  [0m] Reached target Local File Systems (Pre).
[[0;32m  OK  [0m] Reached target Local File Systems.
         Starting Preprocess NFS configuration...
         Starting QEMU KVM preparation - module, ksm, hugepages...
         Starting Set console font and keymap...
         Starting Tell Plymouth To Write Out Runtime Data...
         Starting AppArmor initialization...
         Starting ebtables ruleset management...
[[0;32m  OK  [0m] Started Preprocess NFS configuration.
[[0;32m  OK  [0m] Reached target NFS client services.
         Starting NFSv4 ID-name mapping service...
[[0;32m  OK  [0m] Started Set console font and keymap.
[[0;32m  OK  [0m] Started Tell Plymouth To Write Out Runtime Data.
[[0;32m  OK  [0m] Started Apply Kernel Variables.
[[0;32m  OK  [0m] Started NFSv4 ID-name mapping service.
[[0;32m  OK  [0m] Started QEMU KVM preparation - module, ksm, hugepages.
[[0;32m  OK  [0m] Started ebtables ruleset management.
[[0;32m  OK  [0m] Started Flush Journal to Persistent Storage.
         Starting Create Volatile Files and Directories...
[[0;32m  OK  [0m] Found device /dev/ttyS0.
[[0;32m  OK  [0m] Started Create Volatile Files and Directories.
         Starting RPC bind portmap service...
         Starting Update UTMP about System Boot/Shutdown...
[[0;32m  OK  [0m] Started RPC bind portmap service.
[[0;32m  OK  [0m] Reached target RPC Port Mapper.
[[0;32m  OK  [0m] Started Update UTMP about System Boot/Shutdown.
[[0;32m  OK  [0m] Listening on Load/Save RF Kill Switch Status /dev/rfkill Watch.
[[0;32m  OK  [0m] Started AppArmor initialization.
         Starting Load AppArmor profiles managed internally by snapd...
         Starting Initial cloud-init job (pre-networking)...
         Mounting Arbitrary Executable File Formats File System...
[[0;32m  OK  [0m] Mounted Arbitrary Executable File Formats File System.
[[0;32m  OK  [0m] Started Load AppArmor profiles managed internally by snapd.
[   13.130043] cloud-init[591]: Cloud-init v. 23.1.2-0ubuntu0~18.04.1 running 'init-local' at Thu, 30 Oct 2025 05:23:42 +0000. Up 12.90 seconds.
[[0;32m  OK  [0m] Started Initial cloud-init job (pre-networking).
[[0;32m  OK  [0m] Reached target Network (Pre).
         Starting Network Service...
[[0;32m  OK  [0m] Started Network Service.
         Starting Wait for Network to be Configured...
         Starting Network Name Resolution...
[[0;32m  OK  [0m] Started Network Name Resolution.
[[0;32m  OK  [0m] Reached target Network.
         Starting NFS Mount Daemon...
[[0;32m  OK  [0m] Reached target Host and Network Name Lookups.
[[0;32m  OK  [0m] Started NFS Mount Daemon.
         Starting NFS server and services...
[[0;32m  OK  [0m] Started NFS server and services.
[[0;32m  OK  [0m] Started Wait for Network to be Configured.
         Starting Initial cloud-init job (metadata service crawler)...
[   15.790111] cloud-init[763]: Cloud-init v. 23.1.2-0ubuntu0~18.04.1 running 'init' at Thu, 30 Oct 2025 05:23:45 +0000. Up 15.65 seconds.
[   15.801006] cloud-init[763]: ci-info: +++++++++++++++++++++++++++++++++++++++++++Net device info++++++++++++++++++++++++++++++++++++++++++++
[   15.806710] cloud-init[763]: ci-info: +--------+------+---------------------------------------+---------------+--------+-------------------+
[   15.812911] cloud-init[763]: ci-info: | Device |  Up  |                Address                |      Mask     | Scope  |     Hw-Address    |
[   15.819058] cloud-init[763]: ci-info: +--------+------+---------------------------------------+---------------+--------+-------------------+
[   15.824690] cloud-init[763]: ci-info: | enp0s3 | True |               10.0.2.15               | 255.255.255.0 | global | 02:3b:7b:b7:3b:2d |
[   15.830054] cloud-init[763]: ci-info: | enp0s3 | True | fd17:625c:f037:2:3b:7bff:feb7:3b2d/64 |       .       | global | 02:3b:7b:b7:3b:2d |
[   15.835455] cloud-init[763]: ci-info: | enp0s3 | True |       fe80::3b:7bff:feb7:3b2d/64      |       .       |  link  | 02:3b:7b:b7:3b:2d |
[   15.841704] cloud-init[763]: ci-info: | enp0s8 | True |             192.168.56.10             | 255.255.255.0 | global | 08:00:27:96:15:20 |
[   15.846861] cloud-init[763]: ci-info: | enp0s8 | True |      fe80::a00:27ff:fe96:1520/64      |       .       |  link  | 08:00:27:96:15:20 |
[   15.851971] cloud-init[763]: ci-info: |   lo   | True |               127.0.0.1               |   255.0.0.0   |  host  |         .         |
[   15.857851] cloud-init[763]: ci-info: |   lo   | True |                ::1/128                |       .       |  host  |         .         |
[   15.863716] cloud-init[763]: ci-info: +--------+------+---------------------------------------+---------------+--------+-------------------+
[   15.869326] cloud-init[763]: ci-info: +++++++++++++++++++++++++++++Route IPv4 info+++++++++++++++++++++++++++++
[   15.874680] cloud-init[763]: ci-info: +-------+--------------+----------+-----------------+-----------+-------+
[   15.879540] cloud-init[763]: ci-info: | Route | Destination  | Gateway  |     Genmask     | Interface | Flags |
[   15.884384] cloud-init[763]: ci-info: +-------+--------------+----------+-----------------+-----------+-------+
[   15.888995] cloud-init[763]: ci-info: |   0   |   0.0.0.0    | 10.0.2.2 |     0.0.0.0     |   enp0s3  |   UG  |
[   15.893454] cloud-init[763]: ci-info: |   1   |   10.0.2.0   | 0.0.0.0  |  255.255.255.0  |   enp0s3  |   U   |
[   15.897462] cloud-init[763]: ci-info: |   2   |   10.0.2.2   | 0.0.0.0  | 255.255.255.255 |   enp0s3  |   UH  |
[   15.901412] cloud-init[763]: ci-info: |   3   | 192.168.56.0 | 0.0.0.0  |  255.255.255.0  |   enp0s8  |   U   |
[   15.905895] cloud-init[763]: ci-info: +-------+--------------+----------+-----------------+-----------+-------+
[   15.910834] cloud-init[763]: ci-info: ++++++++++++++++++++++++Route IPv6 info++++++++++++++++++++++++
[   15.915790] cloud-init[763]: ci-info: +-------+-----------------------+---------+-----------+-------+
[   15.923863] cloud-init[763]: ci-info: | Route |      Destination      | Gateway | Interface | Flags |
[   15.931733] cloud-init[763]: ci-info: +-------+-----------------------+---------+-----------+-------+
[   15.938385] cloud-init[763]: ci-info: |   1   | fd17:625c:f037:2::/64 |    ::   |   enp0s3  |   U   |
[   15.947344] cloud-init[763]: ci-info: |   2   |       fe80::/64       |    ::   |   enp0s8  |   U   |
[   15.954525] cloud-init[763]: ci-info: |   3   |       fe80::/64       |    ::   |   enp0s3  |   U   |
[   15.962521] cloud-init[763]: ci-info: |   4   |          ::/0         | fe80::2 |   enp0s3  |   UG  |
[   15.971132] cloud-init[763]: ci-info: |   6   |         local         |    ::   |   enp0s3  |   U   |
[   15.979222] cloud-init[763]: ci-info: |   7   |         local         |    ::   |   enp0s8  |   U   |
[   15.987458] cloud-init[763]: ci-info: |   8   |        ff00::/8       |    ::   |   enp0s8  |   U   |
[   15.995123] cloud-init[763]: ci-info: |   9   |        ff00::/8       |    ::   |   enp0s3  |   U   |
[   16.002312] cloud-init[763]: ci-info: +-------+-----------------------+---------+-----------+-------+
[[0;32m  OK  [0m] Started Initial cloud-init job (metadata service crawler).
[[0;32m  OK  [0m] Reached target Network is Online.
[[0;32m  OK  [0m] Reached target Remote File Systems (Pre).
         Starting Availability of block devices...
         Mounting /vagrant...
[[0;32m  OK  [0m] Reached target System Initialization.
[[0;32m  OK  [0m] Started Ubuntu Advantage Timer for running repeated jobs.
[[0;32m  OK  [0m] Listening on D-Bus System Message Bus Socket.
[[0;32m  OK  [0m] Listening on UUID daemon activation socket.
[[0;32m  OK  [0m] Started ACPI Events Check.
[[0;32m  OK  [0m] Started Message of the Day.
         Starting Socket activation for snappy daemon.
[[0;32m  OK  [0m] Listening on cloud-init hotplug hook socket.
[[0;32m  OK  [0m] Started Discard unused blocks once a week.
         Starting LXD - unix socket.
         Starting Docker Socket for the API.
[[0;32m  OK  [0m] Listening on Open-iSCSI iscsid Socket.
[[0;32m  OK  [0m] Reached target Paths.
[[0;32m  OK  [0m] Started Daily apt download activities.
[[0;32m  OK  [0m] Started Daily apt upgrade and clean activities.
[[0;32m  OK  [0m] Started Daily Cleanup of Temporary Directories.
[[0;32m  OK  [0m] Reached target Timers.
[[0;32m  OK  [0m] Listening on ACPID Listen Socket.
[[0;32m  OK  [0m] Reached target Cloud-config availability.
[[0;32m  OK  [0m] Started Availability of block devices.
[[0;32m  OK  [0m] Mounted /vagrant.
[[0;32m  OK  [0m] Listening on Socket activation for snappy daemon.
[[0;32m  OK  [0m] Listening on LXD - unix socket.
[[0;32m  OK  [0m] Listening on Docker Socket for the API.
[[0;32m  OK  [0m] Reached target Sockets.
[[0;32m  OK  [0m] Reached target Basic System.
         Starting Ubuntu FAN network setup...
[[0;32m  OK  [0m] Started FUSE filesystem for LXC.
         Starting Accounts Service...
         Starting Login Service...
[[0;32m  OK  [0m] Started Deferred execution scheduler.
         Starting Snap Daemon...
         Starting LXD - container startup/shutdown...
[[0;32m  OK  [0m] Reached target Login Prompts (Pre).
         Starting OpenBSD Secure Shell server...
[[0;32m  OK  [0m] Started irqbalance daemon.
         Starting Virtualbox guest utils...
         Starting System Logging Service...
         Starting containerd container runtime...
[[0;32m  OK  [0m] Started Regular background program processing daemon.
         Starting LSB: Record successful boot for GRUB...
[[0;32m  OK  [0m] Started GitLab Runner.
[[0;32m  OK  [0m] Started D-Bus System Message Bus.
[[0;32m  OK  [0m] Started Login Service.
[[0;32m  OK  [0m] Started Unattended Upgrades Shutdown.
         Starting Dispatcher daemon for systemd-networkd...
[[0;32m  OK  [0m] Reached target Remote File Systems.
         Starting LSB: automatic crash report generation...
         Starting Permit User Sessions...
[[0;32m  OK  [0m] Started System Logging Service.
[[0;32m  OK  [0m] Started Ubuntu FAN network setup.
[[0;32m  OK  [0m] Started OpenBSD Secure Shell server.
[[0;32m  OK  [0m] Started Permit User Sessions.
         Starting Terminate Plymouth Boot Screen...
         Starting Hold until boot process finishes up...
         Starting Authorization Manager...
[[0;32m  OK  [0m] Started Hold until boot process finishes up.
[[0;32m  OK  [0m] Started Serial Getty on ttyS0.
         Starting Set console scheme...
[[0;32m  OK  [0m] Started Terminate Plymouth Boot Screen.
[[0;32m  OK  [0m] Started Set console scheme.
[[0;32m  OK  [0m] Created slice system-getty.slice.
[[0;32m  OK  [0m] Started Getty on tty1.
[[0;32m  OK  [0m] Reached target Login Prompts.
[[0;32m  OK  [0m] Started LSB: automatic crash report generation.
[[0;32m  OK  [0m] Started LSB: Record successful boot for GRUB.
[[0;32m  OK  [0m] Started Authorization Manager.
[[0;32m  OK  [0m] Started Accounts Service.
[[0;32m  OK  [0m] Started Virtualbox guest utils.
[[0;32m  OK  [0m] Started LXD - container startup/shutdown.
[[0;32m  OK  [0m] Created slice User Slice of vagrant.
         Starting User Manager for UID 1000...
[[0;32m  OK  [0m] Started Session 1 of user vagrant.
[[0;32m  OK  [0m] Started User Manager for UID 1000.
[[0;32m  OK  [0m] Started Snap Daemon.
         Starting Wait until snapd is fully seeded...
[[0;32m  OK  [0m] Started Dispatcher daemon for systemd-networkd.
         Starting Time & Date Service...
[[0;32m  OK  [0m] Started Time & Date Service.
[[0;32m  OK  [0m] Started Wait until snapd is fully seeded.
         Starting Apply the settings specified in cloud-config...
[[0;32m  OK  [0m] Started containerd container runtime.
         Starting Docker Application Container Engine...
[   21.251063] cloud-init[1512]: Cloud-init v. 23.1.2-0ubuntu0~18.04.1 running 'modules:config' at Thu, 30 Oct 2025 05:23:50 +0000. Up 20.67 seconds.
[[0;32m  OK  [0m] Started Apply the settings specified in cloud-config.

Ubuntu 18.04.6 LTS ubuntu-bionic ttyS0

ubuntu-bionic login: [   25.873065] cloud-init[1934]: Cloud-init v. 23.1.2-0ubuntu0~18.04.1 running 'modules:final' at Thu, 30 Oct 2025 05:23:55 +0000. Up 25.63 seconds.
[   25.958206] cloud-init[1934]: Cloud-init v. 23.1.2-0ubuntu0~18.04.1 finished at Thu, 30 Oct 2025 05:23:55 +0000. Datasource DataSourceNoCloud [seed=/dev/sdb][dsmode=net].  Up 25.85 seconds
[ 1217.701284] INFO: rcu_sched self-detected stall on CPU
[ 1217.701933] INFO: rcu_sched detected stalls on CPUs/tasks:
[ 1217.707861] 	0-...!: (2 ticks this GP) idle=6b2/1/0 softirq=196869/196869 fqs=1 
[ 1217.721090] 	 (t=93852 jiffies g=27706 c=27705 q=9)
[ 1217.721379] 	0-...!: (2 ticks this GP) idle=6b2/1/0 softirq=196869/196869 fqs=1 
[ 1217.726657] rcu_sched kthread starved for 93850 jiffies! g27706 c27705 f0x0 RCU_GP_WAIT_FQS(3) ->state=0x402 ->cpu=1
[ 1217.734991] 	(detected by 1, t=93852 jiffies, g=27706, c=27705, q=9)
[ 1217.754338] rcu_sched kthread starved for 93850 jiffies! g27706 c27705 f0x0 RCU_GP_WAIT_FQS(3) ->state=0x0 ->cpu=1
[ 3424.494385] INFO: rcu_sched self-detected stall on CPU
[ 3424.496017] INFO: rcu_sched detected stalls on CPUs/tasks:
[ 3424.499859] 	1-...!: (1 ticks this GP) idle=fe2/140000000000001/0 softirq=278949/278949 fqs=0 
[ 3424.513069] 	 (t=67976 jiffies g=76194 c=76193 q=53)
[ 3424.513133] 	1-...!: (1 ticks this GP) idle=fe2/140000000000001/0 softirq=278949/278949 fqs=0 
[ 3424.518680] rcu_sched kthread starved for 67976 jiffies! g76194 c76193 f0x0 RCU_GP_WAIT_FQS(3) ->state=0x402 ->cpu=1
[ 3424.527545] 	(detected by 0, t=67976 jiffies, g=76194, c=76193, q=53)
[ 3424.546435] rcu_sched kthread starved for 67976 jiffies! g76194 c76193 f0x0 RCU_GP_WAIT_FQS(3) ->state=0x0 ->cpu=1
